<?xml version="1.0" encoding="UTF-8"?>
<!-- Generated by org.testng.reporters.JUnitXMLReporter -->
<testsuite ignored="4" hostname="DESKTOP-GTEVIFT" failures="0" tests="1" name="Default test" time="0.144" errors="0" timestamp="2023-10-07T17:10:28 IST">
  <testcase classname="String_Programs.Occurance_String" name="StringWordCharacPOsitionsUsingCollectionMap" time="0.022"/>
  <testcase classname="String_Programs.Occurance_String" name="stringCharCountUsingMap" time="0.0">
    <ignored/>
  </testcase> <!-- stringCharCountUsingMap -->
  <testcase classname="String_Programs.Occurance_String" name="stringCharCountUsingCollection1" time="0.0">
    <ignored/>
  </testcase> <!-- stringCharCountUsingCollection1 -->
  <testcase classname="String_Programs.Occurance_String" name="StringWordCountUsingCollection" time="0.0">
    <ignored/>
  </testcase> <!-- StringWordCountUsingCollection -->
  <testcase classname="String_Programs.Occurance_String" name="stringCharCountUsingCollection" time="0.0">
    <ignored/>
  </testcase> <!-- stringCharCountUsingCollection -->
</testsuite> <!-- Default test -->
