<?xml version="1.0" encoding="UTF-8"?>
<testng-results ignored="4" total="5" passed="1" failed="0" skipped="0">
  <reporter-output>
  </reporter-output>
  <suite started-at="2023-10-07T17:10:28 IST" name="Default suite" finished-at="2023-10-07T17:10:28 IST" duration-ms="144">
    <groups>
    </groups>
    <test started-at="2023-10-07T17:10:28 IST" name="Default test" finished-at="2023-10-07T17:10:28 IST" duration-ms="144">
      <class name="String_Programs.Occurance_String">
        <test-method signature="StringWordCharacPOsitionsUsingCollectionMap()[pri:0, instance:String_Programs.Occurance_String@4b14c583]" started-at="2023-10-07T17:10:28 IST" name="StringWordCharacPOsitionsUsingCollectionMap" finished-at="2023-10-07T17:10:28 IST" duration-ms="22" status="PASS">
          <reporter-output>
          </reporter-output>
        </test-method> <!-- StringWordCharacPOsitionsUsingCollectionMap -->
      </class> <!-- String_Programs.Occurance_String -->
    </test> <!-- Default test -->
  </suite> <!-- Default suite -->
</testng-results>
